<?xml version="1.0" encoding="UTF-8"?>
<!-- Generated by org.testng.reporters.JUnitXMLReporter -->
<testsuite ignored="0" hostname="dalam-HP-EliteBook-840-G4" failures="1" tests="1" name="Test on Firefox" time="63.443" errors="0" timestamp="2025-12-02T18:11:16 IST">
  <testcase classname="testClasses.CreateCaseTest" name="VerifyThatTheCaseIsSuccessfullyCreated" time="55.161">
    <failure type="java.lang.AssertionError" message="Test failed due to exception: Expected condition failed: waiting for element to be clickable: Proxy element for: DefaultElementLocator &amp;apos;By.xpath: //ul[@class=&amp;apos;taw_tree_box&amp;apos;]/li[@class=&amp;apos;parent_li&amp;apos;]/span&amp;apos; (tried for 10 second(s) with 500 milliseconds interval)">
      <![CDATA[java.lang.AssertionError: Test failed due to exception: Expected condition failed: waiting for element to be clickable: Proxy element for: DefaultElementLocator 'By.xpath: //ul[@class='taw_tree_box']/li[@class='parent_li']/span' (tried for 10 second(s) with 500 milliseconds interval)
at testClasses.CreateCaseTest.VerifyThatTheCaseIsSuccessfullyCreated(CreateCaseTest.java:73)
at java.base/java.util.ArrayList.forEach(ArrayList.java:1511)
... Removed 28 stack frames]]>
    </failure>
  </testcase> <!-- VerifyThatTheCaseIsSuccessfullyCreated -->
</testsuite> <!-- Test on Firefox -->
