<?xml version="1.0" encoding="UTF-8"?>
<!-- Generated by org.testng.reporters.JUnitXMLReporter -->
<testsuite ignored="0" hostname="dalam-HP-EliteBook-840-G4" failures="0" tests="1" name="Test on Firefox" time="19.372" errors="0" timestamp="2025-12-10T13:18:57 IST">
  <testcase classname="testClasses.BaseClass" name="@BeforeMethod loginMethod" time="10.889">
    <failure type="java.lang.AssertionError" message="Test failed due to exception: invalid session id: session deleted as the browser has closed the connection
from disconnected: unable to send message to renderer
  (Session info: chrome=133.0.6943.141)
Build info: version: &amp;apos;4.36.0&amp;apos;, revision: &amp;apos;6d115cfd87&amp;apos;
System info: os.name: &amp;apos;Linux&amp;apos;, os.arch: &amp;apos;amd64&amp;apos;, os.version: &amp;apos;5.15.0-139-generic&amp;apos;, java.version: &amp;apos;17.0.2&amp;apos;
Driver info: org.openqa.selenium.chrome.ChromeDriver
Command: [5f51840344c871a739f300474180c870, findElement {value=validate_otp, using=id}]
Capabilities {acceptInsecureCerts: false, browserName: chrome, browserVersion: 133.0.6943.141, chrome: {chromedriverVersion: 133.0.6943.141 (2a5d6da0d61..., userDataDir: /tmp/.org.chromium.Chromium...}, fedcm:accounts: true, goog:chromeOptions: {debuggerAddress: localhost:40917}, networkConnectionEnabled: false, pageLoadStrategy: normal, platformName: linux, proxy: Proxy(), se:cdp: ws://localhost:40917/devtoo..., se:cdpVersion: 133.0.6943.141, setWindowRect: true, strictFileInteractability: false, timeouts: {implicit: 0, pageLoad: 300000, script: 30000}, unhandledPromptBehavior: dismiss and notify, webauthn:extension:credBlob: true, webauthn:extension:largeBlob: true, webauthn:extension:minPinLength: true, webauthn:extension:prf: true, webauthn:virtualAuthenticators: true}
Session ID: 5f51840344c871a739f300474180c870">
      <![CDATA[java.lang.AssertionError: Test failed due to exception: invalid session id: session deleted as the browser has closed the connection
from disconnected: unable to send message to renderer
  (Session info: chrome=133.0.6943.141)
Build info: version: '4.36.0', revision: '6d115cfd87'
System info: os.name: 'Linux', os.arch: 'amd64', os.version: '5.15.0-139-generic', java.version: '17.0.2'
Driver info: org.openqa.selenium.chrome.ChromeDriver
Command: [5f51840344c871a739f300474180c870, findElement {value=validate_otp, using=id}]
Capabilities {acceptInsecureCerts: false, browserName: chrome, browserVersion: 133.0.6943.141, chrome: {chromedriverVersion: 133.0.6943.141 (2a5d6da0d61..., userDataDir: /tmp/.org.chromium.Chromium...}, fedcm:accounts: true, goog:chromeOptions: {debuggerAddress: localhost:40917}, networkConnectionEnabled: false, pageLoadStrategy: normal, platformName: linux, proxy: Proxy(), se:cdp: ws://localhost:40917/devtoo..., se:cdpVersion: 133.0.6943.141, setWindowRect: true, strictFileInteractability: false, timeouts: {implicit: 0, pageLoad: 300000, script: 30000}, unhandledPromptBehavior: dismiss and notify, webauthn:extension:credBlob: true, webauthn:extension:largeBlob: true, webauthn:extension:minPinLength: true, webauthn:extension:prf: true, webauthn:virtualAuthenticators: true}
Session ID: 5f51840344c871a739f300474180c870
at testClasses.BaseClass.loginMethod(BaseClass.java:104)
at java.base/java.util.ArrayList.forEach(ArrayList.java:1511)
... Removed 32 stack frames]]>
    </failure>
  </testcase> <!-- @BeforeMethod loginMethod -->
  <testcase classname="testClasses.BaseClass" name="@AfterClass teardown" time="0.0">
    <skipped/>
  </testcase> <!-- @AfterClass teardown -->
  <testcase classname="testClasses.CreateCaseTest" name="VerifyThatTheCaseIsSuccessfullyCreated" time="0.0">
    <skipped/>
  </testcase> <!-- VerifyThatTheCaseIsSuccessfullyCreated -->
</testsuite> <!-- Test on Firefox -->
