<?xml version="1.0" encoding="UTF-8"?>
<!-- Generated by org.testng.reporters.JUnitXMLReporter -->
<testsuite ignored="0" hostname="dalam-HP-EliteBook-840-G4" failures="1" tests="1" name="Test on Firefox" time="14.702" errors="0" timestamp="2026-02-17T10:51:09 IST">
  <testcase classname="testClasses.CreateCaseTest" name="VerifyThatTheCaseIsSuccessfullyCreated" time="8.023">
    <failure type="java.lang.AssertionError" message="Test failed due to exception: stale element reference: stale element not found in the current frame
  (Session info: chrome=133.0.6943.141)
For documentation on this error, please visit: https://www.selenium.dev/documentation/webdriver/troubleshooting/errors#staleelementreferenceexception
Build info: version: &amp;apos;4.36.0&amp;apos;, revision: &amp;apos;6d115cfd87&amp;apos;
System info: os.name: &amp;apos;Linux&amp;apos;, os.arch: &amp;apos;amd64&amp;apos;, os.version: &amp;apos;5.15.0-139-generic&amp;apos;, java.version: &amp;apos;17.0.2&amp;apos;
Driver info: org.openqa.selenium.chrome.ChromeDriver
Command: [db61b11e0a70b6e51e6297cb4d699619, isElementDisplayed {id=f.0C729B8DC4D79FD07EB5630B8386D60D.d.C8B2EEE52A5E3A932A5ADB174C012F3C.e.318}]
Capabilities {acceptInsecureCerts: false, browserName: chrome, browserVersion: 133.0.6943.141, chrome: {chromedriverVersion: 133.0.6943.141 (2a5d6da0d61..., userDataDir: /tmp/profile_1771305655695}, fedcm:accounts: true, goog:chromeOptions: {debuggerAddress: localhost:37123}, networkConnectionEnabled: false, pageLoadStrategy: normal, platformName: linux, proxy: Proxy(), se:cdp: ws://localhost:37123/devtoo..., se:cdpVersion: 133.0.6943.141, setWindowRect: true, strictFileInteractability: false, timeouts: {implicit: 0, pageLoad: 300000, script: 30000}, unhandledPromptBehavior: dismiss and notify, webauthn:extension:credBlob: true, webauthn:extension:largeBlob: true, webauthn:extension:minPinLength: true, webauthn:extension:prf: true, webauthn:virtualAuthenticators: true}
Element: [[ChromeDriver: chrome on linux (db61b11e0a70b6e51e6297cb4d699619)] -&amp;gt; xpath: //div[contains(text(),&amp;apos;Nothing selected&amp;apos;)]]
Session ID: db61b11e0a70b6e51e6297cb4d699619">
      <![CDATA[java.lang.AssertionError: Test failed due to exception: stale element reference: stale element not found in the current frame
  (Session info: chrome=133.0.6943.141)
For documentation on this error, please visit: https://www.selenium.dev/documentation/webdriver/troubleshooting/errors#staleelementreferenceexception
Build info: version: '4.36.0', revision: '6d115cfd87'
System info: os.name: 'Linux', os.arch: 'amd64', os.version: '5.15.0-139-generic', java.version: '17.0.2'
Driver info: org.openqa.selenium.chrome.ChromeDriver
Command: [db61b11e0a70b6e51e6297cb4d699619, isElementDisplayed {id=f.0C729B8DC4D79FD07EB5630B8386D60D.d.C8B2EEE52A5E3A932A5ADB174C012F3C.e.318}]
Capabilities {acceptInsecureCerts: false, browserName: chrome, browserVersion: 133.0.6943.141, chrome: {chromedriverVersion: 133.0.6943.141 (2a5d6da0d61..., userDataDir: /tmp/profile_1771305655695}, fedcm:accounts: true, goog:chromeOptions: {debuggerAddress: localhost:37123}, networkConnectionEnabled: false, pageLoadStrategy: normal, platformName: linux, proxy: Proxy(), se:cdp: ws://localhost:37123/devtoo..., se:cdpVersion: 133.0.6943.141, setWindowRect: true, strictFileInteractability: false, timeouts: {implicit: 0, pageLoad: 300000, script: 30000}, unhandledPromptBehavior: dismiss and notify, webauthn:extension:credBlob: true, webauthn:extension:largeBlob: true, webauthn:extension:minPinLength: true, webauthn:extension:prf: true, webauthn:virtualAuthenticators: true}
Element: [[ChromeDriver: chrome on linux (db61b11e0a70b6e51e6297cb4d699619)] -> xpath: //div[contains(text(),'Nothing selected')]]
Session ID: db61b11e0a70b6e51e6297cb4d699619
at testClasses.CreateCaseTest.VerifyThatTheCaseIsSuccessfullyCreated(CreateCaseTest.java:75)
at java.base/java.util.ArrayList.forEach(ArrayList.java:1511)
... Removed 28 stack frames]]>
    </failure>
  </testcase> <!-- VerifyThatTheCaseIsSuccessfullyCreated -->
</testsuite> <!-- Test on Firefox -->
