<?xml version="1.0" encoding="UTF-8"?>
<!-- Generated by org.testng.reporters.JUnitXMLReporter -->
<testsuite ignored="0" hostname="dalam-HP-EliteBook-840-G4" failures="1" tests="1" name="Test on Chrome" time="14.663" errors="0" timestamp="2025-10-13T00:00:56 IST">
  <testcase classname="testClasses.AccountRegistrationTest" name="Verify_Account_Registration" time="10.358">
    <failure type="java.lang.AssertionError">
      <![CDATA[java.lang.AssertionError: 
at testClasses.AccountRegistrationTest.Verify_Account_Registration(AccountRegistrationTest.java:49)
at java.base/java.util.ArrayList.forEach(ArrayList.java:1511)
at java.base/java.util.concurrent.FutureTask.run(FutureTask.java:264)
at java.base/java.util.concurrent.ThreadPoolExecutor.runWorker(ThreadPoolExecutor.java:1136)
at java.base/java.util.concurrent.ThreadPoolExecutor$Worker.run(ThreadPoolExecutor.java:635)
at java.base/java.lang.Thread.run(Thread.java:833)
... Removed 19 stack frames]]>
    </failure>
  </testcase> <!-- Verify_Account_Registration -->
</testsuite> <!-- Test on Chrome -->
