<?xml version="1.0" encoding="UTF-8"?>
<!-- Generated by org.testng.reporters.JUnitXMLReporter -->
<testsuite ignored="0" hostname="dalam-HP-EliteBook-840-G4" failures="0" tests="1" name="Test" time="2.181" errors="0" timestamp="2025-10-12T23:32:40 IST">
  <testcase classname="testClasses.BaseClass" name="@BeforeClass startUp" time="2.114">
    <failure type="io.github.bonigarcia.wdm.config.WebDriverManagerException" message="java.net.UnknownHostException: github.com">
      <![CDATA[io.github.bonigarcia.wdm.config.WebDriverManagerException: java.net.UnknownHostException: github.com
at io.github.bonigarcia.wdm.WebDriverManager.handleException(WebDriverManager.java:1466)
at io.github.bonigarcia.wdm.WebDriverManager.manage(WebDriverManager.java:1228)
at io.github.bonigarcia.wdm.WebDriverManager.fallback(WebDriverManager.java:1482)
at io.github.bonigarcia.wdm.WebDriverManager.handleException(WebDriverManager.java:1460)
at io.github.bonigarcia.wdm.WebDriverManager.manage(WebDriverManager.java:1228)
at io.github.bonigarcia.wdm.WebDriverManager.setup(WebDriverManager.java:429)
at testClasses.BaseClass.startUp(BaseClass.java:36)
at java.base/java.util.ArrayList.forEach(ArrayList.java:1511)
Caused by: java.net.UnknownHostException: github.com
at java.base/java.net.InetAddress$CachedAddresses.get(InetAddress.java:801)
at java.base/java.net.InetAddress.getAllByName0(InetAddress.java:1509)
at java.base/java.net.InetAddress.getAllByName(InetAddress.java:1367)
at java.base/java.net.InetAddress.getAllByName(InetAddress.java:1301)
at org.apache.hc.client5.http.SystemDefaultDnsResolver.resolve(SystemDefaultDnsResolver.java:61)
at org.apache.hc.client5.http.impl.io.DefaultHttpClientConnectionOperator.connect(DefaultHttpClientConnectionOperator.java:169)
at org.apache.hc.client5.http.impl.io.PoolingHttpClientConnectionManager.connect(PoolingHttpClientConnectionManager.java:490)
at org.apache.hc.client5.http.impl.classic.InternalExecRuntime.connectEndpoint(InternalExecRuntime.java:164)
at org.apache.hc.client5.http.impl.classic.InternalExecRuntime.connectEndpoint(InternalExecRuntime.java:174)
at org.apache.hc.client5.http.impl.classic.ConnectExec.execute(ConnectExec.java:144)
at org.apache.hc.client5.http.impl.classic.ExecChainElement.execute(ExecChainElement.java:51)
at org.apache.hc.client5.http.impl.classic.ProtocolExec.execute(ProtocolExec.java:192)
at org.apache.hc.client5.http.impl.classic.ExecChainElement.execute(ExecChainElement.java:51)
at org.apache.hc.client5.http.impl.classic.ContentCompressionExec.execute(ContentCompressionExec.java:150)
at org.apache.hc.client5.http.impl.classic.ExecChainElement.execute(ExecChainElement.java:51)
at org.apache.hc.client5.http.impl.classic.HttpRequestRetryExec.execute(HttpRequestRetryExec.java:113)
at org.apache.hc.client5.http.impl.classic.ExecChainElement.execute(ExecChainElement.java:51)
at org.apache.hc.client5.http.impl.classic.RedirectExec.execute(RedirectExec.java:110)
at org.apache.hc.client5.http.impl.classic.ExecChainElement.execute(ExecChainElement.java:51)
at org.apache.hc.client5.http.impl.classic.InternalHttpClient.doExecute(InternalHttpClient.java:183)
at org.apache.hc.client5.http.impl.classic.CloseableHttpClient.execute(CloseableHttpClient.java:87)
at org.apache.hc.client5.http.impl.classic.CloseableHttpClient.execute(CloseableHttpClient.java:55)
at org.apache.hc.client5.http.classic.HttpClient.executeOpen(HttpClient.java:183)
at io.github.bonigarcia.wdm.online.HttpClient.execute(HttpClient.java:151)
at io.github.bonigarcia.wdm.online.Downloader.downloadAndExtract(Downloader.java:137)
at io.github.bonigarcia.wdm.online.Downloader.download(Downloader.java:92)
at io.github.bonigarcia.wdm.WebDriverManager.download(WebDriverManager.java:1322)
at io.github.bonigarcia.wdm.WebDriverManager.manage(WebDriverManager.java:1222)
... 31 more
... Removed 25 stack frames]]>
    </failure>
  </testcase> <!-- @BeforeClass startUp -->
  <testcase classname="testClasses.BaseClass" name="@AfterClass teardown" time="0.0">
    <skipped/>
  </testcase> <!-- @AfterClass teardown -->
  <testcase classname="testClasses.AccountRegistrationTest" name="Verify_Account_Registration" time="0.0">
    <skipped/>
  </testcase> <!-- Verify_Account_Registration -->
</testsuite> <!-- Test -->
