<?xml version="1.0" encoding="UTF-8"?>
<!-- Generated by org.testng.reporters.JUnitXMLReporter -->
<testsuite ignored="0" hostname="dalam-HP-EliteBook-840-G4" failures="1" tests="1" name="Test on Firefox(failed)" time="35.616" errors="0" timestamp="2025-11-19T19:00:53 IST">
  <testcase classname="testClasses.CreateCaseTest" name="createCaseFunctionality" time="27.844">
    <failure type="java.lang.AssertionError" message="Test failed due to exception: Cannot locate option with text: Assessment Year
For documentation on this error, please visit: https://www.selenium.dev/documentation/webdriver/troubleshooting/errors#nosuchelementexception
Build info: version: &amp;apos;4.36.0&amp;apos;, revision: &amp;apos;6d115cfd87&amp;apos;
System info: os.name: &amp;apos;Linux&amp;apos;, os.arch: &amp;apos;amd64&amp;apos;, os.version: &amp;apos;5.15.0-139-generic&amp;apos;, java.version: &amp;apos;17.0.2&amp;apos;
Driver info: driver.version: unknown">
      <![CDATA[java.lang.AssertionError: Test failed due to exception: Cannot locate option with text: Assessment Year
For documentation on this error, please visit: https://www.selenium.dev/documentation/webdriver/troubleshooting/errors#nosuchelementexception
Build info: version: '4.36.0', revision: '6d115cfd87'
System info: os.name: 'Linux', os.arch: 'amd64', os.version: '5.15.0-139-generic', java.version: '17.0.2'
Driver info: driver.version: unknown
at testClasses.CreateCaseTest.createCaseFunctionality(CreateCaseTest.java:52)
at java.base/java.util.ArrayList.forEach(ArrayList.java:1511)
... Removed 28 stack frames]]>
    </failure>
  </testcase> <!-- createCaseFunctionality -->
</testsuite> <!-- Test on Firefox(failed) -->
