<?xml version="1.0" encoding="UTF-8"?>
<testng-results ignored="0" total="1" passed="1" failed="0" skipped="0">
  <reporter-output>
  </reporter-output>
  <suite started-at="2025-12-10T19:06:53 IST" name="Suite" finished-at="2025-12-10T19:08:20 IST" duration-ms="86523">
    <groups>
    </groups>
    <test started-at="2025-12-10T19:06:53 IST" name="Test on Firefox" finished-at="2025-12-10T19:08:20 IST" duration-ms="86523">
      <class name="testClasses.CreateCaseTest">
        <test-method is-config="true" signature="startUp(java.lang.String)[pri:0, instance:testClasses.CreateCaseTest@4df50bcc]" started-at="2025-12-10T19:06:54 IST" name="startUp" finished-at="2025-12-10T19:07:03 IST" duration-ms="9369" status="PASS">
          <params>
            <param index="0">
              <value>
                <![CDATA[firefox]]>
              </value>
            </param>
          </params>
          <reporter-output>
          </reporter-output>
        </test-method> <!-- startUp -->
        <test-method is-config="true" signature="loginMethod()[pri:0, instance:testClasses.CreateCaseTest@4df50bcc]" started-at="2025-12-10T19:07:03 IST" name="loginMethod" finished-at="2025-12-10T19:07:06 IST" duration-ms="2638" status="PASS">
          <reporter-output>
          </reporter-output>
        </test-method> <!-- loginMethod -->
        <test-method signature="VerifyThatTheCaseIsSuccessfullyCreated()[pri:0, instance:testClasses.CreateCaseTest@4df50bcc]" started-at="2025-12-10T19:07:06 IST" name="VerifyThatTheCaseIsSuccessfullyCreated" finished-at="2025-12-10T19:08:20 IST" duration-ms="73803" status="PASS">
          <reporter-output>
          </reporter-output>
        </test-method> <!-- VerifyThatTheCaseIsSuccessfullyCreated -->
        <test-method is-config="true" signature="teardown()[pri:0, instance:testClasses.CreateCaseTest@4df50bcc]" started-at="2025-12-10T19:08:20 IST" name="teardown" finished-at="2025-12-10T19:08:20 IST" duration-ms="0" status="PASS">
          <reporter-output>
          </reporter-output>
        </test-method> <!-- teardown -->
      </class> <!-- testClasses.CreateCaseTest -->
    </test> <!-- Test on Firefox -->
  </suite> <!-- Suite -->
</testng-results>
