<?xml version="1.0" encoding="UTF-8"?>
<testng-results ignored="0" total="1" passed="1" failed="0" skipped="0">
  <reporter-output>
  </reporter-output>
  <suite started-at="2026-02-17T15:20:42 IST" name="Suite" finished-at="2026-02-17T15:22:03 IST" duration-ms="81571">
    <groups>
    </groups>
    <test started-at="2026-02-17T15:20:42 IST" name="Test on Firefox" finished-at="2026-02-17T15:22:03 IST" duration-ms="81571">
      <class name="testClasses.CreateCaseTest">
        <test-method is-config="true" signature="startUp(java.lang.String)[pri:0, instance:testClasses.CreateCaseTest@5677323c]" started-at="2026-02-17T15:20:42 IST" name="startUp" finished-at="2026-02-17T15:20:46 IST" duration-ms="3599" status="PASS">
          <params>
            <param index="0">
              <value>
                <![CDATA[firefox]]>
              </value>
            </param>
          </params>
          <reporter-output>
          </reporter-output>
        </test-method> <!-- startUp -->
        <test-method is-config="true" signature="loginMethod()[pri:0, instance:testClasses.CreateCaseTest@5677323c]" started-at="2026-02-17T15:20:46 IST" name="loginMethod" finished-at="2026-02-17T15:20:48 IST" duration-ms="2158" status="PASS">
          <reporter-output>
          </reporter-output>
        </test-method> <!-- loginMethod -->
        <test-method signature="VerifyThatTheCaseIsSuccessfullyCreated()[pri:0, instance:testClasses.CreateCaseTest@5677323c]" started-at="2026-02-17T15:20:48 IST" name="VerifyThatTheCaseIsSuccessfullyCreated" finished-at="2026-02-17T15:22:03 IST" duration-ms="75377" status="PASS">
          <reporter-output>
          </reporter-output>
        </test-method> <!-- VerifyThatTheCaseIsSuccessfullyCreated -->
        <test-method is-config="true" signature="teardown()[pri:0, instance:testClasses.CreateCaseTest@5677323c]" started-at="2026-02-17T15:22:03 IST" name="teardown" finished-at="2026-02-17T15:22:03 IST" duration-ms="2" status="PASS">
          <reporter-output>
          </reporter-output>
        </test-method> <!-- teardown -->
      </class> <!-- testClasses.CreateCaseTest -->
    </test> <!-- Test on Firefox -->
  </suite> <!-- Suite -->
</testng-results>
