<?xml version="1.0" encoding="UTF-8"?>
<testng-results ignored="0" total="1" passed="0" failed="1" skipped="0">
  <reporter-output>
  </reporter-output>
  <suite started-at="2025-12-02T18:10:12 IST" name="Suite" finished-at="2025-12-02T18:11:16 IST" duration-ms="63443">
    <groups>
    </groups>
    <test started-at="2025-12-02T18:10:12 IST" name="Test on Firefox" finished-at="2025-12-02T18:11:16 IST" duration-ms="63443">
      <class name="testClasses.CreateCaseTest">
        <test-method is-config="true" signature="startUp(java.lang.String)[pri:0, instance:testClasses.CreateCaseTest@18df8434]" started-at="2025-12-02T18:10:13 IST" name="startUp" finished-at="2025-12-02T18:10:18 IST" duration-ms="5474" status="PASS">
          <params>
            <param index="0">
              <value>
                <![CDATA[firefox]]>
              </value>
            </param>
          </params>
          <reporter-output>
          </reporter-output>
        </test-method> <!-- startUp -->
        <test-method is-config="true" signature="loginMethod()[pri:0, instance:testClasses.CreateCaseTest@18df8434]" started-at="2025-12-02T18:10:18 IST" name="loginMethod" finished-at="2025-12-02T18:10:20 IST" duration-ms="2121" status="PASS">
          <reporter-output>
          </reporter-output>
        </test-method> <!-- loginMethod -->
        <test-method signature="VerifyThatTheCaseIsSuccessfullyCreated()[pri:0, instance:testClasses.CreateCaseTest@18df8434]" started-at="2025-12-02T18:10:20 IST" name="VerifyThatTheCaseIsSuccessfullyCreated" finished-at="2025-12-02T18:11:15 IST" duration-ms="55161" status="FAIL">
          <exception class="java.lang.AssertionError">
            <message>
              <![CDATA[Test failed due to exception: Expected condition failed: waiting for element to be clickable: Proxy element for: DefaultElementLocator 'By.xpath: //ul[@class='taw_tree_box']/li[@class='parent_li']/span' (tried for 10 second(s) with 500 milliseconds interval)]]>
            </message>
            <full-stacktrace>
              <![CDATA[java.lang.AssertionError: Test failed due to exception: Expected condition failed: waiting for element to be clickable: Proxy element for: DefaultElementLocator 'By.xpath: //ul[@class='taw_tree_box']/li[@class='parent_li']/span' (tried for 10 second(s) with 500 milliseconds interval)
at org.testng.Assert.fail(Assert.java:110)
at testClasses.CreateCaseTest.VerifyThatTheCaseIsSuccessfullyCreated(CreateCaseTest.java:73)
at java.base/jdk.internal.reflect.NativeMethodAccessorImpl.invoke0(Native Method)
at java.base/jdk.internal.reflect.NativeMethodAccessorImpl.invoke(NativeMethodAccessorImpl.java:77)
at java.base/jdk.internal.reflect.DelegatingMethodAccessorImpl.invoke(DelegatingMethodAccessorImpl.java:43)
at java.base/java.lang.reflect.Method.invoke(Method.java:568)
at org.testng.internal.invokers.MethodInvocationHelper.invokeMethod(MethodInvocationHelper.java:139)
at org.testng.internal.invokers.TestInvoker.invokeMethod(TestInvoker.java:677)
at org.testng.internal.invokers.TestInvoker.invokeTestMethod(TestInvoker.java:221)
at org.testng.internal.invokers.MethodRunner.runInSequence(MethodRunner.java:50)
at org.testng.internal.invokers.TestInvoker$MethodInvocationAgent.invoke(TestInvoker.java:969)
at org.testng.internal.invokers.TestInvoker.invokeTestMethods(TestInvoker.java:194)
at org.testng.internal.invokers.TestMethodWorker.invokeTestMethods(TestMethodWorker.java:148)
at org.testng.internal.invokers.TestMethodWorker.run(TestMethodWorker.java:128)
at java.base/java.util.ArrayList.forEach(ArrayList.java:1511)
at org.testng.TestRunner.privateRun(TestRunner.java:829)
at org.testng.TestRunner.run(TestRunner.java:602)
at org.testng.SuiteRunner.runTest(SuiteRunner.java:437)
at org.testng.SuiteRunner.runSequentially(SuiteRunner.java:431)
at org.testng.SuiteRunner.privateRun(SuiteRunner.java:391)
at org.testng.SuiteRunner.run(SuiteRunner.java:330)
at org.testng.SuiteRunnerWorker.runSuite(SuiteRunnerWorker.java:52)
at org.testng.SuiteRunnerWorker.run(SuiteRunnerWorker.java:95)
at org.testng.TestNG.runSuitesSequentially(TestNG.java:1256)
at org.testng.TestNG.runSuitesLocally(TestNG.java:1176)
at org.testng.TestNG.runSuites(TestNG.java:1099)
at org.testng.TestNG.run(TestNG.java:1067)
at org.testng.remote.AbstractRemoteTestNG.run(AbstractRemoteTestNG.java:115)
at org.testng.remote.RemoteTestNG.initAndRun(RemoteTestNG.java:251)
at org.testng.remote.RemoteTestNG.main(RemoteTestNG.java:77)
]]>
            </full-stacktrace>
          </exception> <!-- java.lang.AssertionError -->
          <reporter-output>
          </reporter-output>
        </test-method> <!-- VerifyThatTheCaseIsSuccessfullyCreated -->
        <test-method is-config="true" signature="teardown()[pri:0, instance:testClasses.CreateCaseTest@18df8434]" started-at="2025-12-02T18:11:16 IST" name="teardown" finished-at="2025-12-02T18:11:16 IST" duration-ms="1" status="PASS">
          <reporter-output>
          </reporter-output>
        </test-method> <!-- teardown -->
      </class> <!-- testClasses.CreateCaseTest -->
    </test> <!-- Test on Firefox -->
  </suite> <!-- Suite -->
</testng-results>
